c:\users\marcus\source\repos\submarine rpg\submarine_rpg\x64\debug\vc143.pdb
c:\users\marcus\source\repos\submarine rpg\submarine_rpg\x64\debug\vc143.idb
c:\users\marcus\source\repos\submarine rpg\submarine_rpg\x64\debug\submarinecomponent.obj
c:\users\marcus\source\repos\submarine rpg\submarine_rpg\x64\debug\submarineaction.obj
c:\users\marcus\source\repos\submarine rpg\submarine_rpg\x64\debug\sonarcomponent.obj
c:\users\marcus\source\repos\submarine rpg\submarine_rpg\x64\debug\propulsionsystem.obj
c:\users\marcus\source\repos\submarine rpg\submarine_rpg\x64\debug\propulsioncomponent.obj
c:\users\marcus\source\repos\submarine rpg\submarine_rpg\x64\debug\productionfacility.obj
c:\users\marcus\source\repos\submarine rpg\submarine_rpg\x64\debug\navalbase.obj
c:\users\marcus\source\repos\submarine rpg\submarine_rpg\x64\debug\internationalorganization.obj
c:\users\marcus\source\repos\submarine rpg\submarine_rpg\x64\debug\event.obj
c:\users\marcus\source\repos\submarine rpg\submarine_rpg\x64\debug\espionage.obj
c:\users\marcus\source\repos\submarine rpg\submarine_rpg\x64\debug\diplomacy.obj
c:\users\marcus\source\repos\submarine rpg\submarine_rpg\x64\debug\crew.obj
c:\users\marcus\source\repos\submarine rpg\submarine_rpg\x64\debug\concretesubmarinecomponent.obj
c:\users\marcus\source\repos\submarine rpg\submarine_rpg\x64\debug\ui.obj
c:\users\marcus\source\repos\submarine rpg\submarine_rpg\x64\debug\treaty.obj
c:\users\marcus\source\repos\submarine rpg\submarine_rpg\x64\debug\torpedocomponent.obj
c:\users\marcus\source\repos\submarine rpg\submarine_rpg\x64\debug\resourceloader.obj
c:\users\marcus\source\repos\submarine rpg\submarine_rpg\x64\debug\submarine_rpg.tlog\cl.command.1.tlog
c:\users\marcus\source\repos\submarine rpg\submarine_rpg\x64\debug\submarine_rpg.tlog\cl.read.1.tlog
c:\users\marcus\source\repos\submarine rpg\submarine_rpg\x64\debug\submarine_rpg.tlog\cl.write.1.tlog
